<?xml version="1.0" encoding="UTF-8"?>
<!-- Generated by org.testng.reporters.JUnitXMLReporter -->
<testsuite ignored="0" hostname="DMOLDOVEANU-L3" failures="0" tests="3" name="Default test" time="0.039" errors="0" timestamp="2022-07-19T09:40:39 EEST">
  <testcase classname="Curs14.TestCase" name="testCase1" time="0.005"/>
  <testcase classname="Curs14.TestCase" name="testCase2" time="0.001"/>
  <testcase classname="Curs14.TestCase" name="testCase3" time="0.001"/>
</testsuite> <!-- Default test -->
