<?xml version="1.0" encoding="UTF-8"?>
<testng-results ignored="0" total="3" passed="3" failed="0" skipped="0">
  <reporter-output>
  </reporter-output>
  <suite started-at="2022-07-19T09:40:38 EEST" name="Default suite" finished-at="2022-07-19T09:40:38 EEST" duration-ms="39">
    <groups>
    </groups>
    <test started-at="2022-07-19T09:40:38 EEST" name="Default test" finished-at="2022-07-19T09:40:38 EEST" duration-ms="39">
      <class name="Curs14.TestCase">
        <test-method signature="testCase1()[pri:0, instance:Curs14.TestCase@6ce139a4]" started-at="2022-07-19T09:40:38 EEST" name="testCase1" finished-at="2022-07-19T09:40:38 EEST" duration-ms="5" status="PASS">
          <reporter-output>
          </reporter-output>
        </test-method> <!-- testCase1 -->
        <test-method signature="testCase2()[pri:0, instance:Curs14.TestCase@6ce139a4]" started-at="2022-07-19T09:40:38 EEST" name="testCase2" finished-at="2022-07-19T09:40:38 EEST" duration-ms="1" status="PASS">
          <reporter-output>
          </reporter-output>
        </test-method> <!-- testCase2 -->
        <test-method signature="testCase3()[pri:0, instance:Curs14.TestCase@6ce139a4]" started-at="2022-07-19T09:40:38 EEST" name="testCase3" finished-at="2022-07-19T09:40:38 EEST" duration-ms="1" status="PASS">
          <reporter-output>
          </reporter-output>
        </test-method> <!-- testCase3 -->
      </class> <!-- Curs14.TestCase -->
    </test> <!-- Default test -->
  </suite> <!-- Default suite -->
</testng-results>
